{"/Users/mymac/Desktop/nucleus-coding-challenge/javascript/src/PortfolioPerformance.js": {"path":"/Users/mymac/Desktop/nucleus-coding-challenge/javascript/src/PortfolioPerformance.js","statementMap":{"0":{"start":{"line":2,"column":15},"end":{"line":9,"column":1}},"1":{"start":{"line":11,"column":21},"end":{"line":17,"column":1}},"2":{"start":{"line":20,"column":24},"end":{"line":20,"column":26}},"3":{"start":{"line":22,"column":25},"end":{"line":22,"column":26}},"4":{"start":{"line":23,"column":20},"end":{"line":23,"column":21}},"5":{"start":{"line":24,"column":23},"end":{"line":24,"column":24}},"6":{"start":{"line":25,"column":4},"end":{"line":30,"column":5}},"7":{"start":{"line":25,"column":19},"end":{"line":25,"column":20}},"8":{"start":{"line":26,"column":26},"end":{"line":26,"column":28}},"9":{"start":{"line":27,"column":8},"end":{"line":27,"column":87}},"10":{"start":{"line":28,"column":8},"end":{"line":28,"column":31}},"11":{"start":{"line":29,"column":8},"end":{"line":29,"column":36}},"12":{"start":{"line":31,"column":4},"end":{"line":57,"column":5}},"13":{"start":{"line":31,"column":16},"end":{"line":31,"column":17}},"14":{"start":{"line":32,"column":24},"end":{"line":32,"column":55}},"15":{"start":{"line":33,"column":8},"end":{"line":33,"column":48}},"16":{"start":{"line":34,"column":22},"end":{"line":34,"column":109}},"17":{"start":{"line":34,"column":50},"end":{"line":34,"column":108}},"18":{"start":{"line":35,"column":22},"end":{"line":35,"column":103}},"19":{"start":{"line":35,"column":44},"end":{"line":35,"column":102}},"20":{"start":{"line":38,"column":8},"end":{"line":40,"column":9}},"21":{"start":{"line":39,"column":12},"end":{"line":39,"column":57}},"22":{"start":{"line":41,"column":8},"end":{"line":52,"column":9}},"23":{"start":{"line":42,"column":12},"end":{"line":47,"column":13}},"24":{"start":{"line":42,"column":24},"end":{"line":42,"column":25}},"25":{"start":{"line":43,"column":16},"end":{"line":43,"column":65}},"26":{"start":{"line":45,"column":16},"end":{"line":45,"column":44}},"27":{"start":{"line":49,"column":12},"end":{"line":49,"column":43}},"28":{"start":{"line":50,"column":12},"end":{"line":50,"column":54}},"29":{"start":{"line":53,"column":8},"end":{"line":53,"column":48}},"30":{"start":{"line":58,"column":4},"end":{"line":58,"column":23}},"31":{"start":{"line":60,"column":0},"end":{"line":60,"column":38}}},"fnMap":{"0":{"name":"getDailyPortfolioValues","decl":{"start":{"line":19,"column":16},"end":{"line":19,"column":39}},"loc":{"start":{"line":19,"column":42},"end":{"line":59,"column":1}},"line":19},"1":{"name":"(anonymous_1)","decl":{"start":{"line":34,"column":42},"end":{"line":34,"column":43}},"loc":{"start":{"line":34,"column":50},"end":{"line":34,"column":108}},"line":34},"2":{"name":"(anonymous_2)","decl":{"start":{"line":35,"column":36},"end":{"line":35,"column":37}},"loc":{"start":{"line":35,"column":44},"end":{"line":35,"column":102}},"line":35}},"branchMap":{"0":{"loc":{"start":{"line":38,"column":8},"end":{"line":40,"column":9}},"type":"if","locations":[{"start":{"line":38,"column":8},"end":{"line":40,"column":9}},{"start":{"line":38,"column":8},"end":{"line":40,"column":9}}],"line":38},"1":{"loc":{"start":{"line":41,"column":8},"end":{"line":52,"column":9}},"type":"if","locations":[{"start":{"line":41,"column":8},"end":{"line":52,"column":9}},{"start":{"line":41,"column":8},"end":{"line":52,"column":9}}],"line":41}},"s":{"0":1,"1":1,"2":2,"3":2,"4":2,"5":2,"6":2,"7":2,"8":14,"9":14,"10":14,"11":14,"12":2,"13":2,"14":14,"15":14,"16":14,"17":70,"18":14,"19":84,"20":14,"21":10,"22":14,"23":8,"24":8,"25":10,"26":10,"27":6,"28":6,"29":14,"30":2,"31":1},"f":{"0":2,"1":70,"2":84},"b":{"0":[10,4],"1":[8,6]},"_coverageSchema":"1a1c01bbd47fc00a2c39e90264f33305004495a9","hash":"5c7f6e4c5a4195655c92afd29a117c554e38b4cd"}
}
