TN:
SF:src/PortfolioPerformance.js
FN:19,getDailyPortfolioValues
FN:34,(anonymous_1)
FN:35,(anonymous_2)
FNF:3
FNH:3
FNDA:2,getDailyPortfolioValues
FNDA:70,(anonymous_1)
FNDA:84,(anonymous_2)
DA:2,1
DA:11,1
DA:20,2
DA:22,2
DA:23,2
DA:24,2
DA:25,2
DA:26,14
DA:27,14
DA:28,14
DA:29,14
DA:31,2
DA:32,14
DA:33,14
DA:34,70
DA:35,84
DA:38,14
DA:39,10
DA:41,14
DA:42,8
DA:43,10
DA:45,10
DA:49,6
DA:50,6
DA:53,14
DA:58,2
DA:60,1
LF:27
LH:27
BRDA:38,0,0,10
BRDA:38,0,1,4
BRDA:41,1,0,8
BRDA:41,1,1,6
BRF:4
BRH:4
end_of_record
